Arguments: 
  C:\nodejs\node.exe C:\Users\ronal\AppData\Roaming\npm\node_modules\yarn\bin\yarn.js add @types/X -D

PATH: 
  C:\Program Files (x86)\Razer Chroma SDK\bin;C:\Program Files\Razer Chroma SDK\bin;C:\Program Files (x86)\Razer\ChromaBroadcast\bin;C:\Program Files\Razer\ChromaBroadcast\bin;C:\Windows\system32;C:\Windows;C:\Windows\System32\Wbem;C:\Windows\System32\WindowsPowerShell\v1.0\;C:\Windows\System32\OpenSSH\;C:\Program Files\Git\cmd;C:\Windows\system32\config\systemprofile\AppData\Local\Microsoft\WindowsApps;C:\Program Files (x86)\NVIDIA Corporation\PhysX\Common;C:\Program Files\NVIDIA Corporation\NVIDIA NvDLISR;C:\WINDOWS\system32;C:\WINDOWS;C:\WINDOWS\System32\Wbem;C:\WINDOWS\System32\WindowsPowerShell\v1.0\;C:\WINDOWS\System32\OpenSSH\;C:\ProgramData\chocolatey\bin;C:\Program Files\OpenJDK\openjdk-11.0.10_9\bin;C:\Android\Sdk\emulator;C:\Android\Sdk\tools;C:\Android\Sdk\tools\bin;C:\Android\Sdk\platform-tools;;C:\nodejs\;C:\Program Files\Docker\Docker\resources\bin;C:\ProgramData\DockerDesktop\version-bin;C:\Users\ronal\AppData\Local\Microsoft\WindowsApps;C:\Android\Sdk\emulator;C:\Android\Sdk\tools;C:\Android\Sdk\tools\bin;C:\Android\Sdk\platform-tools;C:\flutter_windows_2.10.0-stable\flutter\bin;C:\Users\ronal\AppData\Roaming\npm;C:\Users\ronal\AppData\Local\Programs\Hyper\resources\bin;

Yarn version: 
  1.22.10

Node version: 
  16.14.2

Platform: 
  win32 x64

Trace: 
  Error: https://registry.yarnpkg.com/@types%2fX: Not found
      at Request.params.callback [as _callback] (C:\Users\ronal\AppData\Roaming\npm\node_modules\yarn\lib\cli.js:66988:18)
      at Request.self.callback (C:\Users\ronal\AppData\Roaming\npm\node_modules\yarn\lib\cli.js:140662:22)
      at Request.emit (node:events:526:28)
      at Request.<anonymous> (C:\Users\ronal\AppData\Roaming\npm\node_modules\yarn\lib\cli.js:141634:10)
      at Request.emit (node:events:526:28)
      at IncomingMessage.<anonymous> (C:\Users\ronal\AppData\Roaming\npm\node_modules\yarn\lib\cli.js:141556:12)
      at Object.onceWrapper (node:events:645:28)
      at IncomingMessage.emit (node:events:538:35)
      at endReadableNT (node:internal/streams/readable:1345:12)
      at processTicksAndRejections (node:internal/process/task_queues:83:21)

npm manifest: 
  {
    "name": "quem-doar-app",
    "version": "1.0.0",
    "main": "node_modules/expo/AppEntry.js",
    "scripts": {
      "start": "expo start",
      "android": "expo start --android",
      "ios": "expo start --ios",
      "web": "expo start --web"
    },
    "dependencies": {
      "@expo-google-fonts/roboto": "^0.2.2",
      "@expo/config": "^8.1.1",
      "@expo/metro-config": "^0.10.0",
      "@expo/vector-icons": "^14.0.0",
      "@react-navigation/bottom-tabs": "^6.4.0",
      "@react-navigation/core": "^6.4.16",
      "@react-navigation/native": "^6.0.13",
      "@react-navigation/native-stack": "^6.9.0",
      "axios": "^0.27.2",
      "expo": "^50.0.0",
      "expo-app-loading": "^2.1.0",
      "expo-status-bar": "~1.11.1",
      "expo-updates": "~0.24.12",
      "json-server": "^0.17.0",
      "module-name": "^0.0.1-security",
      "react": "18.2.0",
      "react-native": "0.73.6",
      "react-native-gesture-handler": "~2.14.0",
      "react-native-image-picker": "^4.10.0",
      "react-native-modal": "^13.0.1",
      "react-native-safe-area-context": "^4.8.2",
      "react-native-screens": "~3.29.0"
    },
    "devDependencies": {
      "@babel/core": "^7.20.0",
      "@types/axios": "^0.14.0",
      "@types/react": "~18.2.45",
      "@types/react-native": "^0.70.4",
      "typescript": "^5.3.0"
    },
    "private": true
  }

yarn manifest: 
  No manifest

Lockfile: 
  No lockfile
